#
# There is insufficient memory for the Java Runtime Environment to continue.
# Native memory allocation (malloc) failed to allocate 1053040 bytes for Chunk::new
# Possible reasons:
#   The system is out of physical RAM or swap space
#   In 32 bit mode, the process size limit was hit
# Possible solutions:
#   Reduce memory load on the system
#   Increase physical memory or swap space
#   Check if swap backing store is full
#   Use 64 bit Java on a 64 bit OS
#   Decrease Java heap size (-Xmx/-Xms)
#   Decrease number of Java threads
#   Decrease Java thread stack sizes (-Xss)
#   Set larger code cache with -XX:ReservedCodeCacheSize=
# This output file may be truncated or incomplete.
#
#  Out of Memory Error (allocation.cpp:390), pid=11860, tid=0x0000000000002f20
#
# JRE version: OpenJDK Runtime Environment (8.0_152-b01) (build 1.8.0_152-release-1343-b01)
# Java VM: OpenJDK 64-Bit Server VM (25.152-b01 mixed mode windows-amd64 compressed oops)
# Failed to write core dump. Minidumps are not enabled by default on client versions of Windows
#

---------------  T H R E A D  ---------------

Current thread (0x0000000016275800):  JavaThread "C2 CompilerThread1" daemon [_thread_in_native, id=12064, stack(0x00000000179d0000,0x0000000017ad0000)]

Stack: [0x00000000179d0000,0x0000000017ad0000]
[error occurred during error reporting (printing stack bounds), id 0xc0000005]

Native frames: (J=compiled Java code, j=interpreted, Vv=VM code, C=native code)


Current CompileTask:
C2:8208956 31017       4       com.android.utils.XmlUtils::append (540 bytes)


---------------  P R O C E S S  ---------------

Java Threads: ( => current thread )
  0x000000001c32d000 JavaThread "stdout" daemon [_thread_in_native, id=6736, stack(0x000000002d150000,0x000000002d250000)]
  0x000000001c328800 JavaThread "stderr" daemon [_thread_in_native, id=8664, stack(0x000000002d050000,0x000000002d150000)]
  0x000000001c32a800 JavaThread "stdout" daemon [_thread_in_native, id=6944, stack(0x000000002cf50000,0x000000002d050000)]
  0x000000001c32b800 JavaThread "stderr" daemon [_thread_in_native, id=1020, stack(0x000000002ce50000,0x000000002cf50000)]
  0x000000001c31e800 JavaThread "stdout" daemon [_thread_in_native, id=9364, stack(0x000000002cd50000,0x000000002ce50000)]
  0x000000001c325800 JavaThread "stderr" daemon [_thread_in_native, id=7328, stack(0x000000002cc50000,0x000000002cd50000)]
  0x000000001c0dd800 JavaThread "pool-94-thread-1" [_thread_blocked, id=2580, stack(0x000000002cb50000,0x000000002cc50000)]
  0x000000001c0de800 JavaThread "ForkJoinPool.commonPool-worker-1" daemon [_thread_blocked, id=9208, stack(0x000000002ca50000,0x000000002cb50000)]
  0x000000001c0dd000 JavaThread "ForkJoinPool.commonPool-worker-0" daemon [_thread_blocked, id=6188, stack(0x000000002c950000,0x000000002ca50000)]
  0x000000001c0dc000 JavaThread "ForkJoinPool.commonPool-worker-3" daemon [_thread_blocked, id=7568, stack(0x000000002c850000,0x000000002c950000)]
  0x000000001c0cf800 JavaThread "Cache worker for execution history cache (D:\Tan\deliveryApp\.gradle\5.1.1\executionHistory)" [_thread_blocked, id=7436, stack(0x000000002c550000,0x000000002c650000)]
  0x000000001c0d1000 JavaThread "Execution worker for ':' Thread 3" [_thread_blocked, id=5668, stack(0x000000002c450000,0x000000002c550000)]
  0x00000000189be800 JavaThread "Execution worker for ':' Thread 2" [_thread_blocked, id=2464, stack(0x000000002c350000,0x000000002c450000)]
  0x00000000189c1800 JavaThread "Execution worker for ':'" [_thread_in_native, id=5152, stack(0x000000002c250000,0x000000002c350000)]
  0x00000000189c0800 JavaThread "Cache worker for file content cache (D:\Tan\deliveryApp\.gradle\5.1.1\fileContent)" [_thread_blocked, id=5288, stack(0x000000002b220000,0x000000002b320000)]
  0x00000000189c4800 JavaThread "Cache worker for Build Output Cleanup Cache (D:\Tan\deliveryApp\.gradle\buildOutputCleanup)" [_thread_blocked, id=7980, stack(0x000000002a910000,0x000000002aa10000)]
  0x00000000189c0000 JavaThread "pool-93-thread-1" [_thread_blocked, id=11780, stack(0x000000002a5d0000,0x000000002a6d0000)]
  0x00000000189bf000 JavaThread "Build operations Thread 4" [_thread_blocked, id=1640, stack(0x00000000276b0000,0x00000000277b0000)]
  0x00000000189c2000 JavaThread "Build operations Thread 3" [_thread_blocked, id=1916, stack(0x0000000026690000,0x0000000026790000)]
  0x00000000189c3800 JavaThread "Build operations Thread 2" [_thread_blocked, id=8744, stack(0x0000000026090000,0x0000000026190000)]
  0x00000000189b7000 JavaThread "Build operations" [_thread_blocked, id=8736, stack(0x0000000022fb0000,0x00000000230b0000)]
  0x00000000189b9000 JavaThread "Cache worker for cache directory md-rule (C:\Users\Rishikesh\.gradle\caches\5.1.1\md-rule)" [_thread_blocked, id=6260, stack(0x0000000022eb0000,0x0000000022fb0000)]
  0x00000000189b6000 JavaThread "Cache worker for cache directory md-supplier (C:\Users\Rishikesh\.gradle\caches\5.1.1\md-supplier)" [_thread_blocked, id=2304, stack(0x00000000229b0000,0x0000000022ab0000)]
  0x00000000189bd000 JavaThread "Cache worker for file hash cache (D:\Tan\deliveryApp\.gradle\5.1.1\fileHashes)" [_thread_blocked, id=5604, stack(0x00000000226b0000,0x00000000227b0000)]
  0x00000000189bc000 JavaThread "Thread-596" [_thread_blocked, id=8204, stack(0x00000000220f0000,0x00000000221f0000)]
  0x00000000189bb800 JavaThread "Stdin handler" [_thread_blocked, id=1204, stack(0x000000001fe80000,0x000000001ff80000)]
  0x00000000188ba800 JavaThread "Asynchronous log dispatcher for DefaultDaemonConnection: socket connection from /127.0.0.1:50272 to /127.0.0.1:51310" [_thread_blocked, id=12848, stack(0x000000001e990000,0x000000001ea90000)]
  0x00000000188b9800 JavaThread "Cancel handler" [_thread_blocked, id=10176, stack(0x000000001cfc0000,0x000000001d0c0000)]
  0x00000000188b9000 JavaThread "Handler for socket connection from /127.0.0.1:50272 to /127.0.0.1:51310" [_thread_in_native, id=1428, stack(0x000000001b9f0000,0x000000001baf0000)]
  0x00000000189ba800 JavaThread "Daemon worker Thread 16" [_thread_blocked, id=12480, stack(0x000000001b6f0000,0x000000001b7f0000)]
  0x00000000189b8800 JavaThread "Daemon Thread 16" [_thread_blocked, id=9192, stack(0x000000001b1f0000,0x000000001b2f0000)]
  0x00000000189b5800 JavaThread "Cache worker for Java compile cache (C:\Users\Rishikesh\.gradle\caches\5.1.1\javaCompile)" [_thread_blocked, id=10516, stack(0x0000000026590000,0x0000000026690000)]
  0x000000001c0d8800 JavaThread "MarlinRenderer Disposer" daemon [_thread_blocked, id=5932, stack(0x0000000024880000,0x0000000024980000)]
  0x000000001c0da000 JavaThread "Java2D Disposer" daemon [_thread_blocked, id=2904, stack(0x00000000237b0000,0x00000000238b0000)]
  0x000000001c327000 JavaThread "Cache worker for file content cache (C:\Users\Rishikesh\.gradle\caches\5.1.1\fileContent)" [_thread_blocked, id=2528, stack(0x0000000021ff0000,0x00000000220f0000)]
  0x000000001c32c000 JavaThread "Memory manager" [_thread_blocked, id=1124, stack(0x0000000021ef0000,0x0000000021ff0000)]
  0x000000001c320000 JavaThread "Cache worker for execution history cache (C:\Users\Rishikesh\.gradle\caches\5.1.1\executionHistory)" [_thread_blocked, id=9120, stack(0x000000001ff80000,0x0000000020080000)]
  0x00000000188b8000 JavaThread "Cache worker for journal cache (C:\Users\Rishikesh\.gradle\caches\journal-1)" [_thread_blocked, id=1420, stack(0x000000001bcf0000,0x000000001bdf0000)]
  0x00000000196b6800 JavaThread "File lock request listener" [_thread_in_native, id=2916, stack(0x000000001bbf0000,0x000000001bcf0000)]
  0x00000000196b2800 JavaThread "Cache worker for file hash cache (C:\Users\Rishikesh\.gradle\caches\5.1.1\fileHashes)" [_thread_blocked, id=6972, stack(0x000000001baf0000,0x000000001bbf0000)]
  0x0000000019553800 JavaThread "Daemon periodic checks" [_thread_blocked, id=1132, stack(0x000000001b0f0000,0x000000001b1f0000)]
  0x0000000019561000 JavaThread "Incoming local TCP Connector on port 50272" [_thread_in_native, id=10484, stack(0x000000001aeb0000,0x000000001afb0000)]
  0x0000000017c08800 JavaThread "Service Thread" daemon [_thread_blocked, id=10768, stack(0x0000000017fd0000,0x00000000180d0000)]
  0x000000001627e800 JavaThread "C1 CompilerThread2" daemon [_thread_blocked, id=2188, stack(0x0000000017ad0000,0x0000000017bd0000)]
=>0x0000000016275800 JavaThread "C2 CompilerThread1" daemon [_thread_in_native, id=12064, stack(0x00000000179d0000,0x0000000017ad0000)]
  0x0000000016273800 JavaThread "C2 CompilerThread0" daemon [_thread_in_native, id=2668, stack(0x00000000178d0000,0x00000000179d0000)]
  0x0000000016270000 JavaThread "Attach Listener" daemon [_thread_blocked, id=492, stack(0x00000000177d0000,0x00000000178d0000)]
  0x000000001626d800 JavaThread "Signal Dispatcher" daemon [_thread_blocked, id=496, stack(0x00000000176d0000,0x00000000177d0000)]
  0x00000000028fd000 JavaThread "Finalizer" daemon [_thread_blocked, id=3336, stack(0x00000000174d0000,0x00000000175d0000)]
  0x00000000028f2000 JavaThread "Reference Handler" daemon [_thread_blocked, id=8980, stack(0x00000000173d0000,0x00000000174d0000)]
  0x0000000002803800 JavaThread "main" [_thread_blocked, id=8944, stack(0x00000000026d0000,0x00000000027d0000)]

Other Threads:
  0x0000000016235800 VMThread [stack: 0x00000000172d0000,0x00000000173d0000] [id=10196]
  0x00000000162cc000 WatcherThread [stack: 0x00000000180d0000,0x00000000181d0000] [id=2728]

VM state:not at safepoint (normal execution)

VM Mutex/Monitor currently owned by a thread: None

Heap:
 PSYoungGen      total 339968K, used 144888K [0x00000000e0000000, 0x00000000ff780000, 0x0000000100000000)
  eden space 219136K, 17% used [0x00000000e0000000,0x00000000e253bf78,0x00000000ed600000)
  from space 120832K, 88% used [0x00000000ed600000,0x00000000f3e42410,0x00000000f4c00000)
  to   space 136704K, 0% used [0x00000000f7200000,0x00000000f7200000,0x00000000ff780000)
 ParOldGen       total 184320K, used 140415K [0x00000000a0000000, 0x00000000ab400000, 0x00000000e0000000)
  object space 184320K, 76% used [0x00000000a0000000,0x00000000a891ff28,0x00000000ab400000)
 Metaspace       used 142325K, capacity 151134K, committed 151192K, reserved 1181696K
  class space    used 18121K, capacity 19604K, committed 19608K, reserved 1048576K

Card table byte_map: [0x0000000011cc0000,0x0000000011fd0000] byte_map_base: 0x00000000117c0000

Marking Bits: (ParMarkBitMap*) 0x00000000565b5aa0
 Begin Bits: [0x00000000125d0000, 0x0000000013dd0000)
 End Bits:   [0x0000000013dd0000, 0x00000000155d0000)

Polling page: 0x00000000009f0000

CodeCache: size=245760Kb used=79453Kb max_used=79466Kb free=166306Kb
 bounds [0x0000000002900000, 0x0000000007730000, 0x0000000011900000]
 total_blobs=24175 nmethods=23171 adapters=916
 compilation: enabled

Compilation events (10 events):
Event: 8208.539 Thread 0x0000000016275800 nmethod 30972 0x000000000771c5d0 code [0x000000000771c800, 0x000000000771eb60]
Event: 8208.540 Thread 0x0000000016275800 31016       4       com.android.utils.XmlUtils::toXmlTextValue (65 bytes)
Event: 8208.541 Thread 0x0000000016273800 nmethod 31012 0x000000000771bc50 code [0x000000000771bdc0, 0x000000000771c278]
Event: 8208.541 Thread 0x0000000016273800 31005       4       com.android.ide.common.resources.NodeUtils::updateNamespace (161 bytes)
Event: 8208.542 Thread 0x0000000016275800 nmethod 31016 0x0000000007716010 code [0x0000000007716160, 0x0000000007716378]
Event: 8208.543 Thread 0x0000000016275800 30988       4       com.google.gson.stream.JsonWriter::newline (47 bytes)
Event: 8208.559 Thread 0x0000000016275800 nmethod 30988 0x0000000007720810 code [0x00000000077209a0, 0x00000000077216f8]
Event: 8208.559 Thread 0x0000000016275800 31017       4       com.android.utils.XmlUtils::append (540 bytes)
Event: 8208.753 Thread 0x000000001627e800 31019   !   3       java.io.BufferedWriter::flush (29 bytes)
Event: 8208.754 Thread 0x000000001627e800 nmethod 31019 0x00000000077158d0 code [0x0000000007715a60, 0x0000000007715e78]

GC Heap History (10 events):
Event: 8186.270 GC heap before
{Heap before GC invocations=63 (full 4):
 PSYoungGen      total 268288K, used 262358K [0x00000000e0000000, 0x00000000f3d00000, 0x0000000100000000)
  eden space 227840K, 100% used [0x00000000e0000000,0x00000000ede80000,0x00000000ede80000)
  from space 40448K, 85% used [0x00000000f0a80000,0x00000000f2c35ac0,0x00000000f3200000)
  to   space 45056K, 0% used [0x00000000ede80000,0x00000000ede80000,0x00000000f0a80000)
 ParOldGen       total 184320K, used 48701K [0x00000000a0000000, 0x00000000ab400000, 0x00000000e0000000)
  object space 184320K, 26% used [0x00000000a0000000,0x00000000a2f8f728,0x00000000ab400000)
 Metaspace       used 115097K, capacity 122146K, committed 122392K, reserved 1155072K
  class space    used 14603K, capacity 15835K, committed 15896K, reserved 1048576K
Event: 8186.318 GC heap after
Heap after GC invocations=63 (full 4):
 PSYoungGen      total 272896K, used 45024K [0x00000000e0000000, 0x00000000f4d80000, 0x0000000100000000)
  eden space 227840K, 0% used [0x00000000e0000000,0x00000000e0000000,0x00000000ede80000)
  from space 45056K, 99% used [0x00000000ede80000,0x00000000f0a78360,0x00000000f0a80000)
  to   space 53760K, 0% used [0x00000000f1900000,0x00000000f1900000,0x00000000f4d80000)
 ParOldGen       total 184320K, used 51013K [0x00000000a0000000, 0x00000000ab400000, 0x00000000e0000000)
  object space 184320K, 27% used [0x00000000a0000000,0x00000000a31d1660,0x00000000ab400000)
 Metaspace       used 115097K, capacity 122146K, committed 122392K, reserved 1155072K
  class space    used 14603K, capacity 15835K, committed 15896K, reserved 1048576K
}
Event: 8190.512 GC heap before
{Heap before GC invocations=64 (full 4):
 PSYoungGen      total 272896K, used 272864K [0x00000000e0000000, 0x00000000f4d80000, 0x0000000100000000)
  eden space 227840K, 100% used [0x00000000e0000000,0x00000000ede80000,0x00000000ede80000)
  from space 45056K, 99% used [0x00000000ede80000,0x00000000f0a78360,0x00000000f0a80000)
  to   space 53760K, 0% used [0x00000000f1900000,0x00000000f1900000,0x00000000f4d80000)
 ParOldGen       total 184320K, used 51013K [0x00000000a0000000, 0x00000000ab400000, 0x00000000e0000000)
  object space 184320K, 27% used [0x00000000a0000000,0x00000000a31d1660,0x00000000ab400000)
 Metaspace       used 122822K, capacity 130432K, committed 130712K, reserved 1163264K
  class space    used 15709K, capacity 16988K, committed 17048K, reserved 1048576K
Event: 8190.586 GC heap after
Heap after GC invocations=64 (full 4):
 PSYoungGen      total 263680K, used 53728K [0x00000000e0000000, 0x00000000f8180000, 0x0000000100000000)
  eden space 209920K, 0% used [0x00000000e0000000,0x00000000e0000000,0x00000000ecd00000)
  from space 53760K, 99% used [0x00000000f1900000,0x00000000f4d783f8,0x00000000f4d80000)
  to   space 77824K, 0% used [0x00000000ecd00000,0x00000000ecd00000,0x00000000f1900000)
 ParOldGen       total 184320K, used 92564K [0x00000000a0000000, 0x00000000ab400000, 0x00000000e0000000)
  object space 184320K, 50% used [0x00000000a0000000,0x00000000a5a65150,0x00000000ab400000)
 Metaspace       used 122822K, capacity 130432K, committed 130712K, reserved 1163264K
  class space    used 15709K, capacity 16988K, committed 17048K, reserved 1048576K
}
Event: 8192.369 GC heap before
{Heap before GC invocations=65 (full 4):
 PSYoungGen      total 263680K, used 263648K [0x00000000e0000000, 0x00000000f8180000, 0x0000000100000000)
  eden space 209920K, 100% used [0x00000000e0000000,0x00000000ecd00000,0x00000000ecd00000)
  from space 53760K, 99% used [0x00000000f1900000,0x00000000f4d783f8,0x00000000f4d80000)
  to   space 77824K, 0% used [0x00000000ecd00000,0x00000000ecd00000,0x00000000f1900000)
 ParOldGen       total 184320K, used 92564K [0x00000000a0000000, 0x00000000ab400000, 0x00000000e0000000)
  object space 184320K, 50% used [0x00000000a0000000,0x00000000a5a65150,0x00000000ab400000)
 Metaspace       used 123424K, capacity 131062K, committed 131224K, reserved 1163264K
  class space    used 15727K, capacity 17027K, committed 17048K, reserved 1048576K
Event: 8192.485 GC heap after
Heap after GC invocations=65 (full 4):
 PSYoungGen      total 287744K, used 77811K [0x00000000e0000000, 0x00000000fb680000, 0x0000000100000000)
  eden space 209920K, 0% used [0x00000000e0000000,0x00000000e0000000,0x00000000ecd00000)
  from space 77824K, 99% used [0x00000000ecd00000,0x00000000f18fcca0,0x00000000f1900000)
  to   space 109056K, 0% used [0x00000000f4c00000,0x00000000f4c00000,0x00000000fb680000)
 ParOldGen       total 184320K, used 140355K [0x00000000a0000000, 0x00000000ab400000, 0x00000000e0000000)
  object space 184320K, 76% used [0x00000000a0000000,0x00000000a8910ef8,0x00000000ab400000)
 Metaspace       used 123424K, capacity 131062K, committed 131224K, reserved 1163264K
  class space    used 15727K, capacity 17027K, committed 17048K, reserved 1048576K
}
Event: 8205.933 GC heap before
{Heap before GC invocations=66 (full 4):
 PSYoungGen      total 287744K, used 287731K [0x00000000e0000000, 0x00000000fb680000, 0x0000000100000000)
  eden space 209920K, 100% used [0x00000000e0000000,0x00000000ecd00000,0x00000000ecd00000)
  from space 77824K, 99% used [0x00000000ecd00000,0x00000000f18fcca0,0x00000000f1900000)
  to   space 109056K, 0% used [0x00000000f4c00000,0x00000000f4c00000,0x00000000fb680000)
 ParOldGen       total 184320K, used 140355K [0x00000000a0000000, 0x00000000ab400000, 0x00000000e0000000)
  object space 184320K, 76% used [0x00000000a0000000,0x00000000a8910ef8,0x00000000ab400000)
 Metaspace       used 132177K, capacity 140264K, committed 140440K, reserved 1171456K
  class space    used 16686K, capacity 18068K, committed 18072K, reserved 1048576K
Event: 8206.041 GC heap after
Heap after GC invocations=66 (full 4):
 PSYoungGen      total 328192K, used 87887K [0x00000000e0000000, 0x00000000fcb80000, 0x0000000100000000)
  eden space 219136K, 0% used [0x00000000e0000000,0x00000000e0000000,0x00000000ed600000)
  from space 109056K, 80% used [0x00000000f4c00000,0x00000000fa1d3d80,0x00000000fb680000)
  to   space 120832K, 0% used [0x00000000ed600000,0x00000000ed600000,0x00000000f4c00000)
 ParOldGen       total 184320K, used 140407K [0x00000000a0000000, 0x00000000ab400000, 0x00000000e0000000)
  object space 184320K, 76% used [0x00000000a0000000,0x00000000a891df28,0x00000000ab400000)
 Metaspace       used 132177K, capacity 140264K, committed 140440K, reserved 1171456K
  class space    used 16686K, capacity 18068K, committed 18072K, reserved 1048576K
}
Event: 8208.218 GC heap before
{Heap before GC invocations=67 (full 4):
 PSYoungGen      total 328192K, used 307023K [0x00000000e0000000, 0x00000000fcb80000, 0x0000000100000000)
  eden space 219136K, 100% used [0x00000000e0000000,0x00000000ed600000,0x00000000ed600000)
  from space 109056K, 80% used [0x00000000f4c00000,0x00000000fa1d3d80,0x00000000fb680000)
  to   space 120832K, 0% used [0x00000000ed600000,0x00000000ed600000,0x00000000f4c00000)
 ParOldGen       total 184320K, used 140407K [0x00000000a0000000, 0x00000000ab400000, 0x00000000e0000000)
  object space 184320K, 76% used [0x00000000a0000000,0x00000000a891df28,0x00000000ab400000)
 Metaspace       used 141626K, capacity 150450K, committed 150680K, reserved 1179648K
  class space    used 18043K, capacity 19506K, committed 19608K, reserved 1048576K
Event: 8208.307 GC heap after
Heap after GC invocations=67 (full 4):
 PSYoungGen      total 339968K, used 106761K [0x00000000e0000000, 0x00000000ff780000, 0x0000000100000000)
  eden space 219136K, 0% used [0x00000000e0000000,0x00000000e0000000,0x00000000ed600000)
  from space 120832K, 88% used [0x00000000ed600000,0x00000000f3e42410,0x00000000f4c00000)
  to   space 136704K, 0% used [0x00000000f7200000,0x00000000f7200000,0x00000000ff780000)
 ParOldGen       total 184320K, used 140415K [0x00000000a0000000, 0x00000000ab400000, 0x00000000e0000000)
  object space 184320K, 76% used [0x00000000a0000000,0x00000000a891ff28,0x00000000ab400000)
 Metaspace       used 141626K, capacity 150450K, committed 150680K, reserved 1179648K
  class space    used 18043K, capacity 19506K, committed 19608K, reserved 1048576K
}

Deoptimization events (10 events):
Event: 8208.361 Thread 0x00000000189c1800 Uncommon trap: reason=bimorphic action=maybe_recompile pc=0x00000000058ef8a8 method=java.util.AbstractSequentialList.get(I)Ljava/lang/Object; @ 2
Event: 8208.370 Thread 0x00000000189c1800 Uncommon trap: reason=unstable_if action=reinterpret pc=0x0000000007082c90 method=com.android.ide.common.resources.configuration.FolderConfiguration.getQualifierString()Ljava/lang/String; @ 94
Event: 8208.380 Thread 0x00000000189c1800 Uncommon trap: reason=bimorphic action=maybe_recompile pc=0x00000000058ef8a8 method=java.util.AbstractSequentialList.get(I)Ljava/lang/Object; @ 2
Event: 8208.380 Thread 0x00000000189c1800 Uncommon trap: reason=bimorphic action=maybe_recompile pc=0x00000000058ef8a8 method=java.util.AbstractSequentialList.get(I)Ljava/lang/Object; @ 2
Event: 8208.380 Thread 0x00000000189c1800 Uncommon trap: reason=bimorphic action=maybe_recompile pc=0x00000000058ef8a8 method=java.util.AbstractSequentialList.get(I)Ljava/lang/Object; @ 2
Event: 8208.390 Thread 0x00000000189c1800 Uncommon trap: reason=unstable_if action=reinterpret pc=0x000000000753e62c method=com.google.gson.stream.JsonReader.nextQuotedValue(C)Ljava/lang/String; @ 81
Event: 8208.400 Thread 0x00000000189c1800 Uncommon trap: reason=bimorphic action=maybe_recompile pc=0x00000000032a2e24 method=java.lang.Iterable.spliterator()Ljava/util/Spliterator; @ 1
Event: 8208.400 Thread 0x00000000189c1800 Uncommon trap: reason=bimorphic action=maybe_recompile pc=0x00000000032a2e24 method=java.lang.Iterable.spliterator()Ljava/util/Spliterator; @ 1
Event: 8208.400 Thread 0x00000000189c1800 Uncommon trap: reason=bimorphic action=maybe_recompile pc=0x00000000032a2e24 method=java.lang.Iterable.spliterator()Ljava/util/Spliterator; @ 1
Event: 8208.400 Thread 0x00000000189c1800 Uncommon trap: reason=bimorphic action=maybe_recompile pc=0x00000000032a2e24 method=java.lang.Iterable.spliterator()Ljava/util/Spliterator; @ 1

Classes redefined (0 events):
No events

Internal exceptions (10 events):
Event: 8207.495 Thread 0x00000000189ba800 Exception <a 'java/lang/ClassNotFoundException': com/android/build/gradle/internal/api/ApkVariantOutputImplBeanInfo> (0x00000000e8a78518) thrown at [D:\src\AOSP-openjdk-cygwin\jdk8u\hotspot\src\share\vm\classfile\systemDictionary.cpp, line 210]
Event: 8207.495 Thread 0x00000000189ba800 Exception <a 'java/lang/ClassNotFoundException': com/android/build/gradle/internal/api/BaseVariantOutputImplBeanInfo> (0x00000000e8a932f0) thrown at [D:\src\AOSP-openjdk-cygwin\jdk8u\hotspot\src\share\vm\classfile\systemDictionary.cpp, line 210]
Event: 8207.496 Thread 0x00000000189ba800 Exception <a 'java/lang/ClassNotFoundException': com/android/build/gradle/internal/api/BaseVariantOutputImplCustomizer> (0x00000000e8aae5f0) thrown at [D:\src\AOSP-openjdk-cygwin\jdk8u\hotspot\src\share\vm\classfile\systemDictionary.cpp, line 210]
Event: 8207.497 Thread 0x00000000189ba800 Exception <a 'java/lang/ClassNotFoundException': com/android/build/gradle/internal/api/ApkVariantOutputImplCustomizer> (0x00000000e8aeaa08) thrown at [D:\src\AOSP-openjdk-cygwin\jdk8u\hotspot\src\share\vm\classfile\systemDictionary.cpp, line 210]
Event: 8207.497 Thread 0x00000000189ba800 Exception <a 'java/lang/ClassNotFoundException': com/android/build/gradle/internal/api/ApkVariantOutputImpl_DecoratedCustomizer> (0x00000000e8b1ac28) thrown at [D:\src\AOSP-openjdk-cygwin\jdk8u\hotspot\src\share\vm\classfile\systemDictionary.cpp, line 210
Event: 8207.539 Thread 0x00000000189ba800 Exception <a 'java/lang/NoSuchMethodError': java.lang.Object.lambda$static$0(Ljava/util/Set;Ljava/util/Set;)Z> (0x00000000e91131f8) thrown at [D:\src\AOSP-openjdk-cygwin\jdk8u\hotspot\src\share\vm\interpreter\linkResolver.cpp, line 584]
Event: 8207.539 Thread 0x00000000189ba800 Exception <a 'java/lang/NoSuchMethodError': java.lang.Object.lambda$static$1(Ljava/util/Set;Ljava/util/Set;)Z> (0x00000000e9115cc8) thrown at [D:\src\AOSP-openjdk-cygwin\jdk8u\hotspot\src\share\vm\interpreter\linkResolver.cpp, line 584]
Event: 8207.539 Thread 0x00000000189ba800 Exception <a 'java/lang/NoSuchMethodError': java.lang.Object.lambda$static$2(Ljava/util/Set;Ljava/util/Set;)Z> (0x00000000e9118620) thrown at [D:\src\AOSP-openjdk-cygwin\jdk8u\hotspot\src\share\vm\interpreter\linkResolver.cpp, line 584]
Event: 8207.539 Thread 0x00000000189ba800 Exception <a 'java/lang/NoSuchMethodError': java.lang.Object.lambda$static$3(Ljava/util/Set;Ljava/util/Set;)Z> (0x00000000e911af78) thrown at [D:\src\AOSP-openjdk-cygwin\jdk8u\hotspot\src\share\vm\interpreter\linkResolver.cpp, line 584]
Event: 8208.370 Thread 0x00000000189c1800 Implicit null exception at 0x0000000007082527 to 0x0000000007082c7b

Events (10 events):
Event: 8208.746 loading class com/android/builder/internal/aapt/v2/Aapt2DaemonUtil
Event: 8208.746 loading class com/android/builder/internal/aapt/v2/Aapt2DaemonUtil done
Event: 8208.746 loading class com/android/builder/internal/aapt/AaptException
Event: 8208.746 loading class com/android/builder/internal/aapt/AaptException done
Event: 8208.747 loading class com/android/builder/internal/aapt/v2/AaptV2CommandBuilder
Event: 8208.747 loading class com/android/builder/internal/aapt/v2/AaptV2CommandBuilder done
Event: 8208.752 loading class com/android/builder/internal/aapt/v2/Aapt2DaemonImpl$WaitForTaskCompletion$Result$Succeeded
Event: 8208.752 loading class com/android/builder/internal/aapt/v2/Aapt2DaemonImpl$WaitForTaskCompletion$Result$Succeeded done
Event: 8208.753 loading class com/android/builder/internal/aapt/v2/Aapt2DaemonImpl$WaitForTaskCompletion$Result
Event: 8208.753 loading class com/android/builder/internal/aapt/v2/Aapt2DaemonImpl$WaitForTaskCompletion$Result done


Dynamic libraries:
0x00007ff6a1090000 - 0x00007ff6a10c1000 	C:\Program Files\Android\Android Studio\jre\bin\java.exe
0x00007ffb7d760000 - 0x00007ffb7d950000 	C:\WINDOWS\SYSTEM32\ntdll.dll
0x00007ffb6dfc0000 - 0x00007ffb6dfd3000 	C:\Program Files\AVAST Software\Avast\aswhook.dll
0x00007ffb7cf00000 - 0x00007ffb7cfb2000 	C:\WINDOWS\System32\KERNEL32.DLL
0x00007ffb7a740000 - 0x00007ffb7a9e4000 	C:\WINDOWS\System32\KERNELBASE.dll
0x00007ffb7c910000 - 0x00007ffb7c9b3000 	C:\WINDOWS\System32\ADVAPI32.dll
0x00007ffb7ce60000 - 0x00007ffb7cefe000 	C:\WINDOWS\System32\msvcrt.dll
0x00007ffb7d5b0000 - 0x00007ffb7d647000 	C:\WINDOWS\System32\sechost.dll
0x00007ffb7bf00000 - 0x00007ffb7c020000 	C:\WINDOWS\System32\RPCRT4.dll
0x00007ffb7ccc0000 - 0x00007ffb7ce54000 	C:\WINDOWS\System32\USER32.dll
0x00007ffb7b1d0000 - 0x00007ffb7b1f1000 	C:\WINDOWS\System32\win32u.dll
0x00007ffb7c9c0000 - 0x00007ffb7c9e6000 	C:\WINDOWS\System32\GDI32.dll
0x00007ffb7b2a0000 - 0x00007ffb7b436000 	C:\WINDOWS\System32\gdi32full.dll
0x00007ffb7b200000 - 0x00007ffb7b29e000 	C:\WINDOWS\System32\msvcp_win.dll
0x00007ffb7b440000 - 0x00007ffb7b53a000 	C:\WINDOWS\System32\ucrtbase.dll
0x00007ffb69600000 - 0x00007ffb69884000 	C:\WINDOWS\WinSxS\amd64_microsoft.windows.common-controls_6595b64144ccf1df_6.0.18362.959_none_e6c7bbbf130c62bb\COMCTL32.dll
0x00007ffb7d270000 - 0x00007ffb7d5a5000 	C:\WINDOWS\System32\combase.dll
0x00007ffb7b540000 - 0x00007ffb7b5c0000 	C:\WINDOWS\System32\bcryptPrimitives.dll
0x00007ffb7cfc0000 - 0x00007ffb7cfee000 	C:\WINDOWS\System32\IMM32.DLL
0x0000000055d10000 - 0x0000000055de2000 	C:\Program Files\Android\Android Studio\jre\jre\bin\msvcr100.dll
0x0000000055df0000 - 0x0000000056631000 	C:\Program Files\Android\Android Studio\jre\jre\bin\server\jvm.dll
0x00007ffb7c900000 - 0x00007ffb7c908000 	C:\WINDOWS\System32\PSAPI.DLL
0x00007ffb74910000 - 0x00007ffb74919000 	C:\WINDOWS\SYSTEM32\WSOCK32.dll
0x00007ffb7c3e0000 - 0x00007ffb7c44f000 	C:\WINDOWS\System32\WS2_32.dll
0x00007ffb78780000 - 0x00007ffb787a4000 	C:\WINDOWS\SYSTEM32\WINMM.dll
0x00007ffb758f0000 - 0x00007ffb758fa000 	C:\WINDOWS\SYSTEM32\VERSION.dll
0x00007ffb78730000 - 0x00007ffb7875d000 	C:\WINDOWS\SYSTEM32\WINMMBASE.dll
0x00007ffb7a9f0000 - 0x00007ffb7aa3a000 	C:\WINDOWS\System32\cfgmgr32.dll
0x00007ffb4b4f0000 - 0x00007ffb4b4ff000 	C:\Program Files\Android\Android Studio\jre\jre\bin\verify.dll
0x00007ffb492b0000 - 0x00007ffb492d9000 	C:\Program Files\Android\Android Studio\jre\jre\bin\java.dll
0x00007ffb49290000 - 0x00007ffb492a6000 	C:\Program Files\Android\Android Studio\jre\jre\bin\zip.dll
0x00007ffb7b810000 - 0x00007ffb7bef6000 	C:\WINDOWS\System32\SHELL32.dll
0x00007ffb7c180000 - 0x00007ffb7c229000 	C:\WINDOWS\System32\shcore.dll
0x00007ffb7aa40000 - 0x00007ffb7b1c2000 	C:\WINDOWS\System32\windows.storage.dll
0x00007ffb7a6b0000 - 0x00007ffb7a6d3000 	C:\WINDOWS\System32\profapi.dll
0x00007ffb7a640000 - 0x00007ffb7a68a000 	C:\WINDOWS\System32\powrprof.dll
0x00007ffb7a610000 - 0x00007ffb7a620000 	C:\WINDOWS\System32\UMPDC.dll
0x00007ffb7c9f0000 - 0x00007ffb7ca42000 	C:\WINDOWS\System32\shlwapi.dll
0x00007ffb7a690000 - 0x00007ffb7a6a1000 	C:\WINDOWS\System32\kernel.appcore.dll
0x00007ffb7b5c0000 - 0x00007ffb7b5d7000 	C:\WINDOWS\System32\cryptsp.dll
0x00007ffb48f50000 - 0x00007ffb48f6a000 	C:\Program Files\Android\Android Studio\jre\jre\bin\net.dll
0x00007ffb79e20000 - 0x00007ffb79e87000 	C:\WINDOWS\system32\mswsock.dll
0x00007ffb48ef0000 - 0x00007ffb48f01000 	C:\Program Files\Android\Android Studio\jre\jre\bin\nio.dll
0x00007ffb76fe0000 - 0x00007ffb76ffe000 	C:\Users\Rishikesh\.gradle\native\25\windows-amd64\native-platform.dll
0x00007ffb49a20000 - 0x00007ffb49a2d000 	C:\Program Files\Android\Android Studio\jre\jre\bin\management.dll
0x00007ffb79990000 - 0x00007ffb799c3000 	C:\WINDOWS\system32\rsaenh.dll
0x00007ffb7b5e0000 - 0x00007ffb7b606000 	C:\WINDOWS\System32\bcrypt.dll
0x00007ffb7a500000 - 0x00007ffb7a525000 	C:\WINDOWS\SYSTEM32\USERENV.dll
0x00007ffb79ff0000 - 0x00007ffb79ffc000 	C:\WINDOWS\SYSTEM32\CRYPTBASE.dll
0x00007ffb79b30000 - 0x00007ffb79b6a000 	C:\WINDOWS\SYSTEM32\IPHLPAPI.DLL
0x00007ffb7c470000 - 0x00007ffb7c478000 	C:\WINDOWS\System32\NSI.dll
0x00007ffb75a20000 - 0x00007ffb75a36000 	C:\WINDOWS\SYSTEM32\dhcpcsvc6.DLL
0x00007ffb75a00000 - 0x00007ffb75a1c000 	C:\WINDOWS\SYSTEM32\dhcpcsvc.DLL
0x00007ffb79b70000 - 0x00007ffb79c3b000 	C:\WINDOWS\SYSTEM32\DNSAPI.dll
0x00007ffb24720000 - 0x00007ffb248b8000 	C:\Program Files\Android\Android Studio\jre\jre\bin\awt.dll
0x00007ffb7cbf0000 - 0x00007ffb7ccb5000 	C:\WINDOWS\System32\OLEAUT32.dll
0x00007ffb77760000 - 0x00007ffb77d20000 	C:\WINDOWS\SYSTEM32\d2d1.dll
0x00007ffb788b0000 - 0x00007ffb7893f000 	C:\WINDOWS\SYSTEM32\apphelp.dll
0x00007ffb78fa0000 - 0x00007ffb78fcd000 	C:\WINDOWS\system32\DWMAPI.DLL
0x00007ffb78cc0000 - 0x00007ffb78d59000 	C:\WINDOWS\system32\uxtheme.dll
0x00007ffb255a0000 - 0x00007ffb255c4000 	C:\Program Files\Android\Android Studio\jre\jre\bin\sunec.dll
0x00007ffb74bc0000 - 0x00007ffb74bca000 	C:\Windows\System32\rasadhlp.dll
0x00007ffb74f20000 - 0x00007ffb74f97000 	C:\WINDOWS\System32\fwpuclnt.dll
0x00007ffb5da00000 - 0x00007ffb5da0b000 	C:\Program Files\Android\Android Studio\jre\jre\bin\sunmscapi.dll
0x00007ffb7b6c0000 - 0x00007ffb7b809000 	C:\WINDOWS\System32\CRYPT32.dll
0x00007ffb7a620000 - 0x00007ffb7a632000 	C:\WINDOWS\System32\MSASN1.dll

VM Arguments:
jvm_args: -Xmx1536m -Dfile.encoding=windows-1252 -Duser.country=IN -Duser.language=en -Duser.variant 
java_command: org.gradle.launcher.daemon.bootstrap.GradleDaemon 5.1.1
java_class_path (initial): C:\Users\Rishikesh\.gradle\wrapper\dists\gradle-5.1.1-all\97z1ksx6lirer3kbvdnh7jtjg\gradle-5.1.1\lib\gradle-launcher-5.1.1.jar
Launcher Type: SUN_STANDARD

Environment Variables:
JAVA_HOME=C:\Program Files\Java\jdk1.8.0_251
USERNAME=Rishikesh
OS=Windows_NT
PROCESSOR_IDENTIFIER=Intel64 Family 6 Model 158 Stepping 9, GenuineIntel



---------------  S Y S T E M  ---------------

OS: Windows 10.0 , 64 bit Build 18362 (10.0.18362.959)

CPU:total 4 (initial active 4) (2 cores per cpu, 2 threads per core) family 6 model 158 stepping 9, cmov, cx8, fxsr, mmx, sse, sse2, sse3, ssse3, sse4.1, sse4.2, popcnt, aes, clmul, erms, 3dnowpref, lzcnt, ht, tsc, tscinvbit

Memory: 4k page, physical 8278092k(652640k free), swap 8278092k(4764k free)

vm_info: OpenJDK 64-Bit Server VM (25.152-b01) for windows-amd64 JRE (1.8.0_152-release-1343-b01), built by "builder" with MS VC++ 10.0 (VS2010)

time: Wed Jul 29 17:22:01 2020
elapsed time: 8208 seconds (0d 2h 16m 48s)

